2026-07-12 12:07:01,965 INFO o.a.j.u.JMeterUtils: Setting Locale to en_EN
2026-07-12 12:07:02,055 INFO o.a.j.JMeter: Loading user properties from: D:\apache-jmeter-5.6.3\bin\user.properties
2026-07-12 12:07:02,056 INFO o.a.j.JMeter: Loading system properties from: D:\apache-jmeter-5.6.3\bin\system.properties
2026-07-12 12:07:02,070 INFO o.a.j.JMeter: Copyright (c) 1998-2024 The Apache Software Foundation
2026-07-12 12:07:02,070 INFO o.a.j.JMeter: Version 5.6.3
2026-07-12 12:07:02,070 INFO o.a.j.JMeter: java.version=17.0.12
2026-07-12 12:07:02,070 INFO o.a.j.JMeter: java.vm.name=Java HotSpot(TM) 64-Bit Server VM
2026-07-12 12:07:02,070 INFO o.a.j.JMeter: os.name=Windows 11
2026-07-12 12:07:02,070 INFO o.a.j.JMeter: os.arch=amd64
2026-07-12 12:07:02,071 INFO o.a.j.JMeter: os.version=10.0
2026-07-12 12:07:02,071 INFO o.a.j.JMeter: file.encoding=GBK
2026-07-12 12:07:02,071 INFO o.a.j.JMeter: java.awt.headless=null
2026-07-12 12:07:02,072 INFO o.a.j.JMeter: Max memory     =1073741824
2026-07-12 12:07:02,072 INFO o.a.j.JMeter: Available Processors =16
2026-07-12 12:07:02,088 INFO o.a.j.JMeter: Default Locale=English (EN)
2026-07-12 12:07:02,089 INFO o.a.j.JMeter: JMeter  Locale=English (EN)
2026-07-12 12:07:02,089 INFO o.a.j.JMeter: JMeterHome=D:\apache-jmeter-5.6.3
2026-07-12 12:07:02,089 INFO o.a.j.JMeter: user.dir  =E:\ready_for_job\redis\project\hmdp
2026-07-12 12:07:02,090 INFO o.a.j.JMeter: PWD       =E:\ready_for_job\redis\project\hmdp
2026-07-12 12:07:02,104 INFO o.a.j.JMeter: IP: 192.168.1.9 Name: DESKTOP-5KMM8V3 FullName: DESKTOP-5KMM8V3
2026-07-12 12:07:02,136 INFO o.a.j.JMeter: Loaded icon properties from org/apache/jmeter/images/icon.properties
2026-07-12 12:07:02,601 INFO o.a.j.JMeterGuiLauncher: Setting LAF to: com.github.weisj.darklaf.DarkLaf:com.github.weisj.darklaf.theme.DarculaTheme
